<?xml version="1.0" encoding="UTF-8"?>
<!-- Generated by org.testng.reporters.JUnitReportReporter -->
<testsuite hostname="DESKTOP-6LB8055" failures="0" tests="1" name="soap.SoapTestScenario1" time="25.771" errors="0" timestamp="2022-12-03T16:09:32 IST" skipped="0">
  <testcase classname="soap.SoapTestScenario1" name="CelsiusToFahrenheitResponse" time="25.771"/>
  <system-out/>
</testsuite> <!-- soap.SoapTestScenario1 -->
