<?xml version="1.0" encoding="UTF-8"?>
<!-- Generated by org.testng.reporters.JUnitReportReporter -->
<testsuite hostname="DESKTOP-6LB8055" failures="0" tests="3" name="rest.RestTestScenario1" time="7.372" errors="0" timestamp="2022-12-04T18:17:09 IST" skipped="0">
  <testcase classname="rest.RestTestScenario1" name="DoGetRestCall" time="5.529"/>
  <system-out/>
  <testcase classname="rest.RestTestScenario1" name="ValidateWithContains_Rest" time="0.621"/>
  <system-out/>
  <testcase classname="rest.RestTestScenario1" name="DoPostRestCall" time="1.222"/>
  <system-out/>
</testsuite> <!-- rest.RestTestScenario1 -->
