<?xml version="1.0" encoding="UTF-8"?>
<!-- Generated by org.testng.reporters.JUnitReportReporter -->
<testsuite hostname="DESKTOP-6LB8055" failures="0" tests="1" name="soap.SoapTestScenario1" time="6.747" errors="0" timestamp="2022-12-03T23:36:31 IST" skipped="0">
  <testcase classname="soap.SoapTestScenario1" name="ValidateWithContains_SOAP" time="6.747"/>
  <system-out/>
</testsuite> <!-- soap.SoapTestScenario1 -->
